<?xml version="1.0" encoding="UTF-8"?>
<!-- Generated by org.testng.reporters.JUnitReportReporter -->
<testsuite hostname="thinkpad-e14" failures="0" tests="3" name="com.BMP.qa.testcases.TC_01_LoginTest" time="13.312" errors="0" timestamp="2025-06-16T13:58:15 IST" skipped="0">
  <testcase classname="com.BMP.qa.testcases.TC_01_LoginTest" name="loginWithValidCredentials" time="3.063"/>
  <system-out/>
  <testcase classname="com.BMP.qa.testcases.TC_01_LoginTest" name="loginWithValidCredentials" time="4.853"/>
  <system-out/>
  <testcase classname="com.BMP.qa.testcases.TC_01_LoginTest" name="loginWithValidCredentials" time="5.396"/>
  <system-out/>
</testsuite> <!-- com.BMP.qa.testcases.TC_01_LoginTest -->
