<?xml version="1.0" encoding="UTF-8"?>
<!-- Generated by org.testng.reporters.JUnitReportReporter -->
<testsuite hostname="thinkpad-e14" failures="0" tests="1" name="com.BMP.qa.testcases.TC_02_AddCustomerTest" time="8.551" errors="0" timestamp="2025-06-18T18:27:35 IST" skipped="0">
  <testcase classname="com.BMP.qa.testcases.TC_02_AddCustomerTest" name="addNewCustomer" time="8.551"/>
  <system-out/>
</testsuite> <!-- com.BMP.qa.testcases.TC_02_AddCustomerTest -->
