<?xml version="1.0" encoding="UTF-8"?>
<!-- Generated by org.testng.reporters.JUnitReportReporter -->
<testsuite hostname="thinkpad-e14" failures="0" tests="3" name="com.BMP.qa.testcases.TC_01_LoginTest" time="18.458" errors="0" timestamp="2025-06-18T18:27:35 IST" skipped="0">
  <testcase classname="com.BMP.qa.testcases.TC_01_LoginTest" name="loginWithCredentials" time="7.948"/>
  <system-out/>
  <testcase classname="com.BMP.qa.testcases.TC_01_LoginTest" name="loginWithCredentials" time="4.082"/>
  <system-out/>
  <testcase classname="com.BMP.qa.testcases.TC_01_LoginTest" name="loginWithCredentials" time="6.428"/>
  <system-out/>
</testsuite> <!-- com.BMP.qa.testcases.TC_01_LoginTest -->
