<?xml version="1.0" encoding="UTF-8"?>
<!-- Generated by org.testng.reporters.JUnitReportReporter -->
<testsuite hostname="thinkpad-e14" failures="0" tests="3" name="com.BMP.qa.testcases.TC_01_LoginTest" time="29.837" errors="0" timestamp="2025-06-17T21:33:01 IST" skipped="0">
  <testcase classname="com.BMP.qa.testcases.TC_01_LoginTest" name="loginWithCredentials" time="8.651"/>
  <system-out/>
  <testcase classname="com.BMP.qa.testcases.TC_01_LoginTest" name="loginWithCredentials" time="8.326"/>
  <system-out/>
  <testcase classname="com.BMP.qa.testcases.TC_01_LoginTest" name="loginWithCredentials" time="12.860"/>
  <system-out/>
</testsuite> <!-- com.BMP.qa.testcases.TC_01_LoginTest -->
