<?xml version="1.0" encoding="UTF-8"?>
<!-- Generated by org.testng.reporters.JUnitReportReporter -->
<testsuite hostname="thinkpad-e14" failures="0" tests="3" name="com.BMP.qa.testcases.TC_01_LoginTest" time="11.562" errors="0" timestamp="2025-06-16T14:33:57 IST" skipped="0">
  <testcase classname="com.BMP.qa.testcases.TC_01_LoginTest" name="loginWithValidCredentials" time="3.844"/>
  <system-out/>
  <testcase classname="com.BMP.qa.testcases.TC_01_LoginTest" name="loginWithValidCredentials" time="3.490"/>
  <system-out/>
  <testcase classname="com.BMP.qa.testcases.TC_01_LoginTest" name="loginWithValidCredentials" time="4.228"/>
  <system-out/>
</testsuite> <!-- com.BMP.qa.testcases.TC_01_LoginTest -->
